<?xml version="1.0" encoding="UTF-8"?>
<testsuite name="com.project.diary.DiaryApplicationTests" tests="1" skipped="0" failures="0" errors="0" timestamp="2023-01-24T08:41:14" hostname="DESKTOP-KW" time="0.724">
  <properties/>
  <testcase name="contextLoads()" classname="com.project.diary.DiaryApplicationTests" time="0.724"/>
  <system-out><![CDATA[17:41:03.185 [Test worker] DEBUG org.springframework.boot.test.context.SpringBootTestContextBootstrapper - Neither @ContextConfiguration nor @ContextHierarchy found for test class [DiaryApplicationTests]: using SpringBootContextLoader
17:41:03.204 [Test worker] DEBUG org.springframework.test.context.support.AbstractContextLoader - Could not detect default resource locations for test class [com.project.diary.DiaryApplicationTests]: no resource found for suffixes {-context.xml, Context.groovy}.
17:41:03.207 [Test worker] INFO org.springframework.test.context.support.AnnotationConfigContextLoaderUtils - Could not detect default configuration classes for test class [com.project.diary.DiaryApplicationTests]: DiaryApplicationTests does not declare any static, non-private, non-final, nested classes annotated with @Configuration.
17:41:03.483 [Test worker] DEBUG org.springframework.boot.test.context.SpringBootTestContextBootstrapper - Using ContextCustomizers for test class [DiaryApplicationTests]: [DisableObservabilityContextCustomizer, PropertyMappingContextCustomizer, Customizer, ExcludeFilterContextCustomizer, DuplicateJsonObjectContextCustomizer, MockitoContextCustomizer, TestRestTemplateContextCustomizer]
17:41:03.857 [Test worker] DEBUG org.springframework.context.annotation.ClassPathScanningCandidateComponentProvider - Identified candidate component class: file [C:\study\diary\build\classes\java\main\com\project\diary\DiaryApplication.class]
17:41:03.861 [Test worker] INFO org.springframework.boot.test.context.SpringBootTestContextBootstrapper - Found @SpringBootConfiguration com.project.diary.DiaryApplication for test class com.project.diary.DiaryApplicationTests
17:41:04.505 [Test worker] DEBUG org.springframework.boot.test.context.SpringBootTestContextBootstrapper - Using TestExecutionListeners for test class [DiaryApplicationTests]: [ServletTestExecutionListener, DirtiesContextBeforeModesTestExecutionListener, ApplicationEventsTestExecutionListener, MockitoTestExecutionListener, DependencyInjectionTestExecutionListener, DirtiesContextTestExecutionListener, TransactionalTestExecutionListener, SqlScriptsTestExecutionListener, EventPublishingTestExecutionListener, RestDocsTestExecutionListener, MockRestServiceServerResetTestExecutionListener, MockMvcPrintOnlyOnFailureTestExecutionListener, WebDriverTestExecutionListener, MockWebServiceServerTestExecutionListener, ResetMocksTestExecutionListener]
17:41:04.512 [Test worker] DEBUG org.springframework.test.context.support.AbstractDirtiesContextTestExecutionListener - Before test class: class [DiaryApplicationTests], class annotated with @DirtiesContext [false] with mode [null]

  .   ____          _            __ _ _
 /\\ / ___'_ __ _ _(_)_ __  __ _ \ \ \ \
( ( )\___ | '_ | '_| | '_ \/ _` | \ \ \ \
 \\/  ___)| |_)| | | | | || (_| |  ) ) ) )
  '  |____| .__|_| |_|_| |_\__, | / / / /
 =========|_|==============|___/=/_/_/_/
 :: Spring Boot ::                (v3.0.2)

2023-01-24T17:41:06.911+09:00  INFO 20360 --- [    Test worker] c.project.diary.DiaryApplicationTests    : Starting DiaryApplicationTests using Java 18.0.1.1 with PID 20360 (started by jkw in C:\study\diary)
2023-01-24T17:41:06.922+09:00  INFO 20360 --- [    Test worker] c.project.diary.DiaryApplicationTests    : No active profile set, falling back to 1 default profile: "default"
2023-01-24T17:41:09.436+09:00  INFO 20360 --- [    Test worker] .s.d.r.c.RepositoryConfigurationDelegate : Bootstrapping Spring Data JPA repositories in DEFAULT mode.
2023-01-24T17:41:09.491+09:00  INFO 20360 --- [    Test worker] .s.d.r.c.RepositoryConfigurationDelegate : Finished Spring Data repository scanning in 31 ms. Found 0 JPA repository interfaces.
2023-01-24T17:41:10.781+09:00  INFO 20360 --- [    Test worker] com.zaxxer.hikari.HikariDataSource       : HikariPool-1 - Starting...
2023-01-24T17:41:10.982+09:00  INFO 20360 --- [    Test worker] com.zaxxer.hikari.pool.HikariPool        : HikariPool-1 - Added connection org.mariadb.jdbc.Connection@1cf336fd
2023-01-24T17:41:10.987+09:00  INFO 20360 --- [    Test worker] com.zaxxer.hikari.HikariDataSource       : HikariPool-1 - Start completed.
2023-01-24T17:41:11.124+09:00  INFO 20360 --- [    Test worker] o.hibernate.jpa.internal.util.LogHelper  : HHH000204: Processing PersistenceUnitInfo [name: default]
2023-01-24T17:41:11.397+09:00  INFO 20360 --- [    Test worker] org.hibernate.Version                    : HHH000412: Hibernate ORM core version 6.1.6.Final
2023-01-24T17:41:11.829+09:00  WARN 20360 --- [    Test worker] org.hibernate.orm.deprecation            : HHH90000021: Encountered deprecated setting [javax.persistence.sharedCache.mode], use [jakarta.persistence.sharedCache.mode] instead
2023-01-24T17:41:12.339+09:00  INFO 20360 --- [    Test worker] SQL dialect                              : HHH000400: Using dialect: org.hibernate.dialect.MariaDBDialect
2023-01-24T17:41:13.404+09:00  INFO 20360 --- [    Test worker] o.h.e.t.j.p.i.JtaPlatformInitiator       : HHH000490: Using JtaPlatform implementation: [org.hibernate.engine.transaction.jta.platform.internal.NoJtaPlatform]
2023-01-24T17:41:13.435+09:00  INFO 20360 --- [    Test worker] j.LocalContainerEntityManagerFactoryBean : Initialized JPA EntityManagerFactory for persistence unit 'default'
2023-01-24T17:41:13.812+09:00  WARN 20360 --- [    Test worker] JpaBaseConfiguration$JpaWebConfiguration : spring.jpa.open-in-view is enabled by default. Therefore, database queries may be performed during view rendering. Explicitly configure spring.jpa.open-in-view to disable this warning
2023-01-24T17:41:14.294+09:00  INFO 20360 --- [    Test worker] o.s.b.a.w.s.WelcomePageHandlerMapping    : Adding welcome page: class path resource [static/index.html]
2023-01-24T17:41:14.785+09:00  INFO 20360 --- [    Test worker] c.project.diary.DiaryApplicationTests    : Started DiaryApplicationTests in 9.807 seconds (process running for 17.775)
]]></system-out>
  <system-err><![CDATA[]]></system-err>
</testsuite>
